Arguments: 
  C:\Program Files\nodejs\node.exe C:\Users\Public\m-ecom-fe\.yarn\releases\yarn-1.22.19.cjs install

PATH: 
  C:\WINDOWS\system32;C:\WINDOWS;C:\WINDOWS\System32\Wbem;C:\WINDOWS\System32\WindowsPowerShell\v1.0\;C:\WINDOWS\System32\OpenSSH\;C:\install\apache-maven-3.8.4-bin.zip\bin;C:\Program Files\Git\cmd;"SET PATH=C:\Program Files\Nodejs;C:\WINDOWS\system32;C:\WINDOWS;C:\WINDOWS\System32\Wbem;C:\WINDOWS\System32\WindowsPowerShell\v1.0\;C:\WINDOWS\System32\OpenSSH\;C:\install\apache-maven-3.8.4-bin.zip\bin;C:\Program Files\Git\cmd;"SET PATH=C:\Program Files\Nodejs;C:\WINDOWS\system32;C:\WINDOWS;C:\WINDOWS\System32\Wbem;C:\WINDOWS\System32\WindowsPowerShell\v1.0\;C:\WINDOWS\System32\OpenSSH\;C:\install\apache-maven-3.8.4-bin.zip\bin;C:\Program Files\Git\cmd;"SET PATH=C:\Program Files\Nodejs;C:\WINDOWS\System32";C:\Program Files (x86)\Yarn\bin\;C:\Program Files\Java\jdk-18.0.1\bin;C:\Users\Thang Nguyen\AppData\Roaming\nvm;C:\Program Files\nodejs;C:\Program Files\Microsoft SQL Server\150\Tools\Binn\;C:\Program Files\Microsoft SQL Server\Client SDK\ODBC\170\Tools\Binn\;C:\Program Files\dotnet\;C:\xampp\php;C:\ProgramData\ComposerSetup\bin;C:\Program Files\nodejs\;C:\Program Files\Docker\Docker\resources\bin";C:\Program Files (x86)\Yarn\bin\;C:\Program Files\Java\jdk-18.0.1\bin;C:\Users\Thang Nguyen\AppData\Roaming\nvm;C:\Program Files\nodejs;C:\Program Files\Microsoft SQL Server\150\Tools\Binn\;C:\Program Files\Microsoft SQL Server\Client SDK\ODBC\170\Tools\Binn\;C:\Program Files\dotnet\;C:\xampp\php;C:\ProgramData\ComposerSetup\bin;C:\Program Files\nodejs\;C:\Program Files\Docker\Docker\resources\bin";C:\Program Files (x86)\Yarn\bin\;C:\Program Files\Java\jdk-18.0.1\bin;C:\Users\Thang Nguyen\AppData\Roaming\nvm;C:\Program Files\nodejs;C:\Program Files\Microsoft SQL Server\150\Tools\Binn\;C:\Program Files\Microsoft SQL Server\Client SDK\ODBC\170\Tools\Binn\;C:\Program Files\dotnet\;C:\xampp\php;C:\ProgramData\ComposerSetup\bin;C:\Program Files\nodejs\;C:\Program Files\Docker\Docker\resources\bin;C:\Users\admin\AppData\Local\Microsoft\WindowsApps;;C:\Users\admin\AppData\Local\Programs\Microsoft VS Code\bin;C:\Users\admin\.dotnet\tools;C:\Users\admin\AppData\Roaming\Composer\vendor\bin;C:\Users\admin\AppData\Roaming\npm

Yarn version: 
  1.22.19

Node version: 
  18.16.0

Platform: 
  win32 x64

Trace: 
  Error: EPERM: operation not permitted, unlink 'C:\Users\Public\m-ecom-fe\node_modules\esbuild\esbuild.exe'

npm manifest: 
  {
    "name": "m-ecom-fe",
    "version": "0.0.0",
    "scripts": {
      "dev": "vite",
      "build": "tsc && vite build"
    },
    "license": "MIT",
    "dependencies": {
      "@types/antd": "^1.0.0",
      "@types/react-redux": "^7.1.25",
      "@types/redux": "^3.6.0",
      "antd": "^5.8.2",
      "classnames": "^2.3.2",
      "react": "^18.2.0",
      "react-dom": "^18.2.0",
      "react-is": "^18.2.0",
      "react-router-dom": "^6.14.2",
      "redux": "^4.2.1"
    },
    "devDependencies": {
      "@types/css-modules": "^1.0.2",
      "@types/node": "^20.4.9",
      "@types/react": "^18.2.19",
      "@types/react-dom": "^18.2.7",
      "sass": "^1.65.1",
      "typescript": "^4.1.2",
      "vite": "^1.0.0-rc.13",
      "vite-plugin-react": "^4.0.0"
    }
  }

yarn manifest: 
  No manifest

Lockfile: 
  No lockfile
